<?xml version="1.0" encoding="UTF-8"?>
<!-- Generated by org.testng.reporters.JUnitReportReporter -->
<testsuite hostname="Prince_Pankaj" failures="0" tests="6" name="api.test.DDTests" time="12.015" errors="0" timestamp="2025-04-19T13:40:48 IST" skipped="0">
  <testcase classname="api.test.DDTests" name="testPostUser" time="1.418"/>
  <testcase classname="api.test.DDTests" name="testPostUser" time="4.307"/>
  <testcase classname="api.test.DDTests" name="testPostUser" time="1.400"/>
  <testcase classname="api.test.DDTests" name="testDeleteUserByName" time="1.330"/>
  <testcase classname="api.test.DDTests" name="testDeleteUserByName" time="1.967"/>
  <testcase classname="api.test.DDTests" name="testDeleteUserByName" time="1.593"/>
</testsuite> <!-- api.test.DDTests -->
